<?xml version="1.0" encoding="UTF-8"?><testsuite name="nosetests" tests="77" errors="0" failures="0" skip="6"><testcase classname="openquakeplatform.test.dumb_test.DumbTest" name="dumb_test" time="0.001"></testcase><testcase classname="openquakeplatform.test.irv_test.IrvTest" name="irv_test" time="0.000"><skipped type="unittest.case.SkipTest" message="temporarily disabled"><![CDATA[SkipTest: temporarily disabled
]]></skipped></testcase><testcase classname="openquakeplatform.test.isc_test.IscTest" name="isc_test" time="0.000"><skipped type="unittest.case.SkipTest" message="temporarily disabled"><![CDATA[SkipTest: temporarily disabled
]]></skipped></testcase><testcase classname="openquakeplatform.test.satellites_test.ipt__IptExamplesTest" name="Exposure_1_test" time="2.756"></testcase><testcase classname="openquakeplatform.test.satellites_test.ipt__IptExamplesTest" name="Exposure_98_test" time="2.610"></testcase><testcase classname="openquakeplatform.test.satellites_test.ipt__IptExamplesTest" name="Exposure_99_test" time="2.590"></testcase><testcase classname="openquakeplatform.test.satellites_test.ipt__IptExamplesTest" name="Fragility_1_test" time="2.114"></testcase><testcase classname="openquakeplatform.test.satellites_test.ipt__IptExamplesTest" name="Fragility_99_test" time="1.834"></testcase><testcase classname="openquakeplatform.test.satellites_test.ipt__IptExamplesTest" name="SiteConditions_1_test" time="1.745"></testcase><testcase classname="openquakeplatform.test.satellites_test.ipt__IptExamplesTest" name="SiteConditions_99_test" time="1.704"></testcase><testcase classname="openquakeplatform.test.satellites_test.ipt__IptExamplesTest" name="Vulnerability_1_test" time="1.881"></testcase><testcase classname="openquakeplatform.test.satellites_test.ipt__IptExamplesTest" name="Vulnerability_99_test" time="1.602"></testcase><testcase classname="openquakeplatform.test.satellites_test.ipt__IptTest" name="check_empty_cells_test" time="1.474"></testcase><testcase classname="openquakeplatform.test.satellites_test.taxtweb__VulnTaxonomiesTest" name="r0001_CR_slow_test" time="2.932"></testcase><testcase classname="openquakeplatform.test.satellites_test.taxtweb__VulnTaxonomiesTest" name="r0002_CR/LDUAL+DNO/HBET:1,3/IRRE_slow_test" time="5.217"></testcase><testcase classname="openquakeplatform.test.satellites_test.taxtweb__VulnTaxonomiesTest" name="r0003_CR/LDUAL+DNO/HBET:4,7/IRRE_slow_test" time="5.409"></testcase><testcase classname="openquakeplatform.test.satellites_test.taxtweb__VulnTaxonomiesTest" name="r0004_CR/LDUAL+DNO/HBET:8,19/IRRE_slow_test" time="5.274"></testcase><testcase classname="openquakeplatform.test.satellites_test.taxtweb__VulnTaxonomiesTest" name="r0005_CR/LDUAL+DNO/HEX:4+HFEX:13~5_slow_test" time="6.440"></testcase><testcase classname="openquakeplatform.test.satellites_test.taxtweb__VulnTaxonomiesTest" name="r0006_CR/LDUAL+DNO/HEX:4+HFEX:13~5/IRIR+IRVP:SOS+IRVS:IRN_slow_test" time="8.450"></testcase><testcase classname="openquakeplatform.test.satellites_test.taxtweb__VulnTaxonomiesTest" name="r0007_CR/LDUAL+DUC/HBET:1,3/IRRE_slow_test" time="6.014"></testcase><testcase classname="openquakeplatform.test.satellites_test.taxtweb__VulnTaxonomiesTest" name="r0008_CR/LDUAL+DUC/HBET:4,7/IRRE_slow_test" time="5.418"></testcase><testcase classname="openquakeplatform.test.satellites_test.taxtweb__VulnTaxonomiesTest" name="r0009_CR/LDUAL+DUC/HBET:8,19/IRRE_slow_test" time="5.687"></testcase><testcase classname="openquakeplatform.test.satellites_test.taxtweb__VulnTaxonomiesTest" name="r0010_CR/LDUAL+DUC/HEX:16_slow_test" time="5.148"></testcase><testcase classname="openquakeplatform.test.satellites_test.taxtweb__VulnTaxonomiesTest" name="r0011_CR/LDUAL+DUC/HEX:4+HFEX:13~5_slow_test" time="6.349"></testcase><testcase classname="openquakeplatform.test.satellites_test.taxtweb__VulnTaxonomiesTest" name="r0012_CR/LDUAL+DUC/HEX:4+HFEX:13~5/IRIR+IRVP:SOS+IRVS:IRN_slow_test" time="8.895"></testcase><testcase classname="openquakeplatform.test.satellites_test.taxtweb__VulnTaxonomiesTest" name="r0013_CR/LDUAL/HEX:4+HFEX:12~8/YAPP:1990/EDU+EDU2/PLFSQ/IRRE/RSH1_slow_test" time="7.765"></testcase><testcase classname="openquakeplatform.test.satellites_test.taxtweb__VulnTaxonomiesTest" name="r0014_CR/LDUAL/HEX:4+HFEX:13~5_slow_test" time="5.788"></testcase><testcase classname="openquakeplatform.test.satellites_test.taxtweb__VulnTaxonomiesTest" name="r0015_CR/LDUAL/HEX:4+HFEX:13~5/IRIR+IRVP:SOS+IRVS:IRN_slow_test" time="9.455"></testcase><testcase classname="openquakeplatform.test.satellites_test.taxtweb__VulnTaxonomiesTest" name="r0016_CR/LDUAL/HEX:9+HFEX:28~5_slow_test" time="6.264"></testcase><testcase classname="openquakeplatform.test.satellites_test.taxtweb__VulnTaxonomiesTest" name="r0017_CR/LDUAL/HEX:9+HFEX:28~5/IRIR+IRVP:SOS+IRVS:IRN_slow_test" time="9.074"></testcase><testcase classname="openquakeplatform.test.satellites_test.taxtweb__VulnTaxonomiesTest" name="r0018_CR/LFINF+DNO/HBET:1,3/IRIR+IRVP:CHV+IRVS:IRN_slow_test" time="8.581"></testcase><testcase classname="openquakeplatform.test.satellites_test.taxtweb__VulnTaxonomiesTest" name="r0019_CR/LFINF+DNO/HBET:1,3/IRRE_slow_test" time="5.639"></testcase><testcase classname="openquakeplatform.test.satellites_test.taxtweb__VulnTaxonomiesTest" name="r0020_CR/LFINF+DNO/HBET:4,7/IRIR+IRVP:CHV+IRVS:IRN_slow_test" time="8.585"></testcase><testcase classname="openquakeplatform.test.satellites_test.taxtweb__VulnTaxonomiesTest" name="r0021_CR/LFINF+DNO/HBET:4,7/IRRE_slow_test" time="5.075"></testcase><testcase classname="openquakeplatform.test.satellites_test.taxtweb__VulnTaxonomiesTest" name="r0022_CR/LFINF+DNO/HBET:8,19/IRIR+IRVP:CHV+IRVS:IRN_slow_test" time="8.663"></testcase><testcase classname="openquakeplatform.test.satellites_test.taxtweb__VulnTaxonomiesTest" name="r0023_CR/LFINF+DNO/HBET:8,19/IRRE_slow_test" time="6.045"></testcase><testcase classname="openquakeplatform.test.satellites_test.taxtweb__VulnTaxonomiesTest" name="r0024_CR/LFINF+DNO/HEX:4_slow_test" time="4.680"></testcase><testcase classname="openquakeplatform.test.satellites_test.taxtweb__VulnTaxonomiesTest" name="r0025_CR/LFINF+DNO/HEX:4+HFEX:13~5_slow_test" time="6.440"></testcase><testcase classname="openquakeplatform.test.satellites_test.taxtweb__VulnTaxonomiesTest" name="r0026_CR/LFINF+DNO/HEX:4+HFEX:13~5/IRIR+IRVP:SOS+IRVS:IRN_fast_test" time="1.529"></testcase><testcase classname="openquakeplatform.test.satellites_test.taxtweb__VulnTaxonomiesTest" name="r0027_CR/LFINF+DNO/HEX:4/IRIR+IRVP:SOS+IRVS:IRN_fast_test" time="1.538"></testcase><testcase classname="openquakeplatform.test.satellites_test.taxtweb__VulnTaxonomiesTest" name="r0028_CR/LFINF+DNO/HEX:4/YPRE:1975/RES/EWMA/_fast_test" time="2.116"></testcase><testcase classname="openquakeplatform.test.satellites_test.taxtweb__VulnTaxonomiesTest" name="r0029_CR/LFINF+DNO/HEX:8/YPRE:1975/RES/EWMA/_fast_test" time="1.798"></testcase><testcase classname="openquakeplatform.test.satellites_test.taxtweb__VulnTaxonomiesTest" name="r0030_CR/LFINF+DUC/HBET:1,3/IRIR+IRVP:CHV+IRVS:IRN_fast_test" time="1.625"></testcase><testcase classname="openquakeplatform.test.satellites_test.taxtweb__VulnTaxonomiesTest" name="r0031_CR/LFINF+DUC/HBET:1,3/IRRE_fast_test" time="1.477"></testcase><testcase classname="openquakeplatform.test.satellites_test.taxtweb__VulnTaxonomiesTest" name="r0032_CR/LFINF+DUC/HBET:4,7/IRIR+IRVP:CHV+IRVS:IRN_fast_test" time="1.502"></testcase><testcase classname="openquakeplatform.test.satellites_test.taxtweb__VulnTaxonomiesTest" name="r0033_CR/LFINF+DUC/HBET:4,7/IRRE_fast_test" time="1.459"></testcase><testcase classname="openquakeplatform.test.satellites_test.taxtweb__VulnTaxonomiesTest" name="r0034_CR/LFINF+DUC/HBET:8,19/IRIR+IRVP:CHV+IRVS:IRN_fast_test" time="1.479"></testcase><testcase classname="openquakeplatform.test.satellites_test.taxtweb__VulnTaxonomiesTest" name="r0035_CR/LFINF+DUC/HBET:8,19/IRRE_fast_test" time="2.229"></testcase><testcase classname="openquakeplatform.test.satellites_test.taxtweb__VulnTaxonomiesTest" name="r0036_CR/LFINF+DUC/HEX:4_fast_test" time="1.550"></testcase><testcase classname="openquakeplatform.test.satellites_test.taxtweb__VulnTaxonomiesTest" name="r0037_CR/LFINF+DUC/HEX:4+HFEX:13~5_fast_test" time="1.528"></testcase><testcase classname="openquakeplatform.test.satellites_test.taxtweb__VulnTaxonomiesTest" name="r0038_CR/LFINF+DUC/HEX:4+HFEX:13~5/IRIR+IRVP:SOS+IRVS:IRN_fast_test" time="1.496"></testcase><testcase classname="openquakeplatform.test.satellites_test.taxtweb__VulnTaxonomiesTest" name="r0039_CR/LFINF+DUC/HEX:4/IRIR+IRVP:SOS+IRVS:IRN_fast_test" time="1.500"></testcase><testcase classname="openquakeplatform.test.satellites_test.taxtweb__VulnTaxonomiesTest" name="r0040_CR/LFINF/HBET:1,3_fast_test" time="1.509"></testcase><testcase classname="openquakeplatform.test.satellites_test.taxtweb__VulnTaxonomiesTest" name="r0041_CR/LFINF/HBET:1,6/YBET:1945,2004/EWMA/FC+FWCP/_fast_test" time="2.303"></testcase><testcase classname="openquakeplatform.test.satellites_test.taxtweb__VulnTaxonomiesTest" name="r0042_CR/LFINF/HBET:1,6/YPRE:1945/EWMA/FC+FWCP/_fast_test" time="1.549"></testcase><testcase classname="openquakeplatform.test.satellites_test.taxtweb__VulnTaxonomiesTest" name="r0043_CR/LFINF/HBET:2,3_fast_test" time="1.504"></testcase><testcase classname="openquakeplatform.test.satellites_test.taxtweb__VulnTaxonomiesTest" name="r0044_CR/LFINF/HBET:4,6_fast_test" time="2.221"></testcase><testcase classname="openquakeplatform.test.satellites_test.taxtweb__VulnTaxonomiesTest" name="r0045_CR/LFINF/HBET:4,7_fast_test" time="1.514"></testcase><testcase classname="openquakeplatform.test.satellites_test.taxtweb__VulnTaxonomiesTest" name="r0046_CR/LFINF/HBET:8,19_fast_test" time="1.501"></testcase><testcase classname="openquakeplatform.test.satellites_test.taxtweb__VulnTaxonomiesTest" name="r0047_CR/LFINF/HEX:1_fast_test" time="1.534"></testcase><testcase classname="openquakeplatform.test.satellites_test.taxtweb__VulnTaxonomiesTest" name="r0048_CR/LFINF/HEX:2_fast_test" time="1.507"></testcase><testcase classname="openquakeplatform.test.satellites_test.taxtweb__VulnTaxonomiesTest" name="r0049_CR/LFINF/HEX:3_fast_test" time="1.430"></testcase><testcase classname="openquakeplatform.test.satellites_test.taxtweb__VulnTaxonomiesTest" name="r0050_CR/LFINF/HEX:4_fast_test" time="2.439"></testcase><testcase classname="openquakeplatform.test.satellites_test.taxtweb__VulnTaxonomiesTest" name="r0051_CR/LFINF/HEX:4+HFEX:13~5_fast_test" time="1.523"></testcase><testcase classname="openquakeplatform.test.satellites_test.taxtweb__VulnTaxonomiesTest" name="r0052_CR/LFINF/HEX:4+HFEX:13~5/IRIR+IRVP:SOS+IRVS:IRN_fast_test" time="1.535"></testcase><testcase classname="openquakeplatform.test.satellites_test.taxtweb__VulnTaxonomiesTest" name="r0053_CR/LFINF/HEX:5_fast_test" time="1.480"></testcase><testcase classname="openquakeplatform.test.satellites_test.taxtweb__VulnTaxonomiesTest" name="r0054_CR/LFINF/HEX:9+HFEX:28~5_fast_test" time="1.526"></testcase><testcase classname="openquakeplatform.test.satellites_test.taxtweb__VulnTaxonomiesTest" name="r0055_CR/LFINF/HEX:9+HFEX:28~5/IRIR+IRVP:SOS+IRVS:IRN_fast_test" time="1.506"></testcase><testcase classname="openquakeplatform.test.satellites_test.taxtweb__VulnTaxonomiesTest" name="r0056_CR/LFLS/HEX:2_fast_test" time="2.504"></testcase><testcase classname="openquakeplatform.test.satellites_test.taxtweb__VulnTaxonomiesTest" name="r0057_CR/LFLS/HEX:5_fast_test" time="1.513"></testcase><testcase classname="openquakeplatform.test.satellites_test.taxtweb__VulnTaxonomiesTest" name="r0058_CR/LFLS/HEX:8_fast_test" time="1.518"></testcase><testcase classname="openquakeplatform.test.satellites_test.taxtweb__VulnTaxonomiesTest" name="r0059_CR/LFLSINF+DUC/HEX:5+HFEX:14/COM/PLFSQ/IRRE/EWMA/RSH1+RWCP/FC+FC1+FWCP_fast_test" time="2.495"></testcase><testcase classname="openquakeplatform.test.satellites_test.taxtweb__VulnTaxonomiesTest" name="r0060_CR/LFM+DNO/HBET:1,3/IRRE_fast_test" time="1.532"></testcase><testcase classname="openquakeplatform.test.shape_test.ShapeTest" name="upload_shape_test" time="0.000"><skipped type="unittest.case.SkipTest" message="temporarily disabled"><![CDATA[SkipTest: temporarily disabled
]]></skipped></testcase><testcase classname="openquakeplatform.test.vulnerability_test.VulnerabilityTest" name="jasmine_test" time="0.000"><skipped type="unittest.case.SkipTest" message="temporarily disabled"><![CDATA[SkipTest: temporarily disabled
]]></skipped></testcase><testcase classname="openquakeplatform.test.vulnerability_test.VulnerabilityTest" name="taxonomy_full2short_test" time="0.000"><skipped type="unittest.case.SkipTest" message="temporarily disabled"><![CDATA[SkipTest: temporarily disabled
]]></skipped></testcase><testcase classname="openquakeplatform.test.vulnerability_test.VulnerabilityTest" name="taxonomy_test" time="0.000"><skipped type="unittest.case.SkipTest" message="temporarily disabled"><![CDATA[SkipTest: temporarily disabled
]]></skipped></testcase></testsuite>